C:\USERS\LENOVO\DOCUMENTS\VISUAL STUDIO 2012\PROJECTS\8_2\8_2\DEBUG\VC110.PDB
C:\USERS\LENOVO\DOCUMENTS\VISUAL STUDIO 2012\PROJECTS\8_2\8_2\DEBUG\源.OBJ
C:\USERS\LENOVO\DOCUMENTS\VISUAL STUDIO 2012\PROJECTS\8_2\DEBUG\8_2.ILK
C:\USERS\LENOVO\DOCUMENTS\VISUAL STUDIO 2012\PROJECTS\8_2\DEBUG\8_2.EXE
C:\USERS\LENOVO\DOCUMENTS\VISUAL STUDIO 2012\PROJECTS\8_2\DEBUG\8_2.PDB
c:\Users\lenovo\documents\visual studio 2012\Projects\8_2\8_2\Debug\源.obj
c:\Users\lenovo\documents\visual studio 2012\Projects\8_2\8_2\Debug\cl.command.1.tlog
c:\Users\lenovo\documents\visual studio 2012\Projects\8_2\8_2\Debug\CL.read.1.tlog
c:\Users\lenovo\documents\visual studio 2012\Projects\8_2\8_2\Debug\CL.write.1.tlog
c:\Users\lenovo\documents\visual studio 2012\Projects\8_2\8_2\Debug\link-cvtres.read.1.tlog
c:\Users\lenovo\documents\visual studio 2012\Projects\8_2\8_2\Debug\link-cvtres.write.1.tlog
c:\Users\lenovo\documents\visual studio 2012\Projects\8_2\8_2\Debug\link-rc.read.1.tlog
c:\Users\lenovo\documents\visual studio 2012\Projects\8_2\8_2\Debug\link-rc.write.1.tlog
c:\Users\lenovo\documents\visual studio 2012\Projects\8_2\8_2\Debug\link.command.1.tlog
c:\Users\lenovo\documents\visual studio 2012\Projects\8_2\8_2\Debug\link.read.1.tlog
c:\Users\lenovo\documents\visual studio 2012\Projects\8_2\8_2\Debug\link.write.1.tlog
c:\Users\lenovo\documents\visual studio 2012\Projects\8_2\8_2\Debug\vc110.idb
c:\Users\lenovo\documents\visual studio 2012\Projects\8_2\8_2\Debug\vc110.pdb
c:\users\lenovo\documents\visual studio 2012\Projects\8_2\Debug\8_2.pdb
c:\users\lenovo\documents\visual studio 2012\Projects\8_2\Debug\8_2.exe
c:\users\lenovo\documents\visual studio 2012\Projects\8_2\Debug\8_2.ilk
